  [1m[35m (1.2ms)[0m  [1m[34mSELECT sqlite_version(*)[0m
  [1m[35m (1.7ms)[0m  [1m[35mCREATE TABLE "schema_migrations" ("version" varchar NOT NULL PRIMARY KEY)[0m
  [1m[35m (1.3ms)[0m  [1m[35mCREATE TABLE "ar_internal_metadata" ("key" varchar NOT NULL PRIMARY KEY, "value" varchar, "created_at" datetime(6) NOT NULL, "updated_at" datetime(6) NOT NULL)[0m
  [1m[35m (0.1ms)[0m  [1m[34mSELECT "schema_migrations"."version" FROM "schema_migrations" ORDER BY "schema_migrations"."version" ASC[0m
Migrating to CreateUsers (20201124094017)
  [1m[35m (0.0ms)[0m  [1m[36mbegin transaction[0m
  [1m[35m (0.4ms)[0m  [1m[35mCREATE TABLE "users" ("id" integer PRIMARY KEY AUTOINCREMENT NOT NULL, "name" varchar, "email" varchar, "created_at" datetime(6) NOT NULL, "updated_at" datetime(6) NOT NULL)[0m
  [1m[36mprimary::SchemaMigration Create (0.1ms)[0m  [1m[32mINSERT INTO "schema_migrations" ("version") VALUES (?)[0m  [["version", "20201124094017"]]
  [1m[35m (1.3ms)[0m  [1m[36mcommit transaction[0m
  [1m[36mActiveRecord::InternalMetadata Load (0.1ms)[0m  [1m[34mSELECT "ar_internal_metadata".* FROM "ar_internal_metadata" WHERE "ar_internal_metadata"."key" = ? LIMIT ?[0m  [["key", "environment"], ["LIMIT", 1]]
  [1m[35m (0.0ms)[0m  [1m[36mbegin transaction[0m
  [1m[36mActiveRecord::InternalMetadata Create (0.3ms)[0m  [1m[32mINSERT INTO "ar_internal_metadata" ("key", "value", "created_at", "updated_at") VALUES (?, ?, ?, ?)[0m  [["key", "environment"], ["value", "development"], ["created_at", "2020-11-24 09:40:25.189054"], ["updated_at", "2020-11-24 09:40:25.189054"]]
  [1m[35m (1.0ms)[0m  [1m[36mcommit transaction[0m
  [1m[35m (0.0ms)[0m  [1m[34mSELECT sqlite_version(*)[0m
  [1m[35m (0.1ms)[0m  [1m[34mSELECT "schema_migrations"."version" FROM "schema_migrations" ORDER BY "schema_migrations"."version" ASC[0m
  [1m[35m (2.4ms)[0m  [1m[34mSELECT sqlite_version(*)[0m
  [1m[35mSQL (0.6ms)[0m  [1m[34mSELECT "users"."id" AS t0_r0, "users"."name" AS t0_r1, "users"."email" AS t0_r2, "users"."created_at" AS t0_r3, "users"."updated_at" AS t0_r4 FROM "users"[0m
  [1m[35m (1.1ms)[0m  [1m[34mSELECT sqlite_version(*)[0m
  [1m[35mSQL (0.5ms)[0m  [1m[34mSELECT "users"."id" AS t0_r0, "users"."name" AS t0_r1, "users"."email" AS t0_r2, "users"."created_at" AS t0_r3, "users"."updated_at" AS t0_r4 FROM "users"[0m
  [1m[35m (1.8ms)[0m  [1m[34mSELECT sqlite_version(*)[0m
  [1m[35mSQL (0.8ms)[0m  [1m[34mSELECT "users"."id" AS t0_r0, "users"."name" AS t0_r1, "users"."email" AS t0_r2, "users"."created_at" AS t0_r3, "users"."updated_at" AS t0_r4 FROM "users"[0m
  [1m[35m (1.0ms)[0m  [1m[34mSELECT sqlite_version(*)[0m
  [1m[36mUser Load (0.9ms)[0m  [1m[34mSELECT "users".* FROM "users" LIMIT ?[0m  [["LIMIT", 11]]
DEPRECATION WARNING: `Module#parents` has been renamed to `module_parents`. `parents` is deprecated and will be removed in Rails 6.1. (called from irb_binding at (irb):3)
  [1m[35m (0.8ms)[0m  [1m[34mSELECT sqlite_version(*)[0m
  [1m[35m (2.2ms)[0m  [1m[35mCREATE TABLE "schema_migrations" ("version" varchar NOT NULL PRIMARY KEY)[0m
  [1m[35m (1.4ms)[0m  [1m[35mCREATE TABLE "ar_internal_metadata" ("key" varchar NOT NULL PRIMARY KEY, "value" varchar, "created_at" datetime(6) NOT NULL, "updated_at" datetime(6) NOT NULL)[0m
  [1m[35m (0.1ms)[0m  [1m[34mSELECT "schema_migrations"."version" FROM "schema_migrations" ORDER BY "schema_migrations"."version" ASC[0m
Migrating to CreateUsers (20201124094017)
  [1m[35m (0.0ms)[0m  [1m[36mbegin transaction[0m
  [1m[35m (0.4ms)[0m  [1m[35mCREATE TABLE "users" ("id" integer PRIMARY KEY AUTOINCREMENT NOT NULL, "name" varchar, "email" varchar, "user_id" integer, "created_at" datetime(6) NOT NULL, "updated_at" datetime(6) NOT NULL)[0m
  [1m[36mprimary::SchemaMigration Create (0.1ms)[0m  [1m[32mINSERT INTO "schema_migrations" ("version") VALUES (?)[0m  [["version", "20201124094017"]]
  [1m[35m (1.1ms)[0m  [1m[36mcommit transaction[0m
  [1m[36mActiveRecord::InternalMetadata Load (0.1ms)[0m  [1m[34mSELECT "ar_internal_metadata".* FROM "ar_internal_metadata" WHERE "ar_internal_metadata"."key" = ? LIMIT ?[0m  [["key", "environment"], ["LIMIT", 1]]
  [1m[35m (0.1ms)[0m  [1m[36mbegin transaction[0m
  [1m[36mActiveRecord::InternalMetadata Create (0.5ms)[0m  [1m[32mINSERT INTO "ar_internal_metadata" ("key", "value", "created_at", "updated_at") VALUES (?, ?, ?, ?)[0m  [["key", "environment"], ["value", "development"], ["created_at", "2020-11-25 09:27:43.544599"], ["updated_at", "2020-11-25 09:27:43.544599"]]
  [1m[35m (1.0ms)[0m  [1m[36mcommit transaction[0m
  [1m[35m (0.0ms)[0m  [1m[34mSELECT sqlite_version(*)[0m
  [1m[35m (0.3ms)[0m  [1m[34mSELECT "schema_migrations"."version" FROM "schema_migrations" ORDER BY "schema_migrations"."version" ASC[0m
  [1m[35m (1.4ms)[0m  [1m[34mSELECT sqlite_version(*)[0m
  [1m[35m (0.1ms)[0m  [1m[36mbegin transaction[0m
  [1m[36mUser Create (1.6ms)[0m  [1m[32mINSERT INTO "users" ("name", "created_at", "updated_at") VALUES (?, ?, ?)[0m  [["name", "name"], ["created_at", "2020-11-25 09:58:24.277922"], ["updated_at", "2020-11-25 09:58:24.277922"]]
  [1m[35m (1.0ms)[0m  [1m[36mcommit transaction[0m
  [1m[35m (0.1ms)[0m  [1m[36mbegin transaction[0m
  [1m[36mUser Create (0.4ms)[0m  [1m[32mINSERT INTO "users" ("name", "created_at", "updated_at") VALUES (?, ?, ?)[0m  [["name", "name"], ["created_at", "2020-11-25 09:58:24.299606"], ["updated_at", "2020-11-25 09:58:24.299606"]]
  [1m[36mUser Update (0.2ms)[0m  [1m[33mUPDATE "users" SET "user_id" = ?, "updated_at" = ? WHERE "users"."id" = ?[0m  [["user_id", 2], ["updated_at", "2020-11-25 09:58:24.301062"], ["id", 1]]
  [1m[35m (1.1ms)[0m  [1m[36mcommit transaction[0m
  [1m[35m (0.1ms)[0m  [1m[36mbegin transaction[0m
  [1m[36mUser Create (0.6ms)[0m  [1m[32mINSERT INTO "users" ("name", "created_at", "updated_at") VALUES (?, ?, ?)[0m  [["name", "name"], ["created_at", "2020-11-25 09:58:24.306949"], ["updated_at", "2020-11-25 09:58:24.306949"]]
  [1m[36mUser Update (0.2ms)[0m  [1m[33mUPDATE "users" SET "user_id" = ?, "updated_at" = ? WHERE "users"."id" = ?[0m  [["user_id", 3], ["updated_at", "2020-11-25 09:58:24.309330"], ["id", 2]]
  [1m[35m (1.0ms)[0m  [1m[36mcommit transaction[0m
  [1m[35m (0.1ms)[0m  [1m[36mbegin transaction[0m
  [1m[36mUser Create (0.4ms)[0m  [1m[32mINSERT INTO "users" ("name", "created_at", "updated_at") VALUES (?, ?, ?)[0m  [["name", "name"], ["created_at", "2020-11-25 09:58:25.135976"], ["updated_at", "2020-11-25 09:58:25.135976"]]
  [1m[36mUser Update (0.1ms)[0m  [1m[33mUPDATE "users" SET "user_id" = ?, "updated_at" = ? WHERE "users"."id" = ?[0m  [["user_id", 4], ["updated_at", "2020-11-25 09:58:25.137284"], ["id", 3]]
  [1m[35m (1.8ms)[0m  [1m[36mcommit transaction[0m
  [1m[35mSQL (0.2ms)[0m  [1m[34mSELECT DISTINCT "users"."id" FROM "users" LEFT OUTER JOIN "users" "parents_users" ON "parents_users"."user_id" = "users"."id" WHERE "users"."user_id" = ? LIMIT ?[0m  [["user_id", 4], ["LIMIT", 11]]
  [1m[35mSQL (0.2ms)[0m  [1m[34mSELECT "users"."id" AS t0_r0, "users"."name" AS t0_r1, "users"."email" AS t0_r2, "users"."user_id" AS t0_r3, "users"."created_at" AS t0_r4, "users"."updated_at" AS t0_r5, "parents_users"."id" AS t1_r0, "parents_users"."name" AS t1_r1, "parents_users"."email" AS t1_r2, "parents_users"."user_id" AS t1_r3, "parents_users"."created_at" AS t1_r4, "parents_users"."updated_at" AS t1_r5 FROM "users" LEFT OUTER JOIN "users" "parents_users" ON "parents_users"."user_id" = "users"."id" WHERE "users"."user_id" = ? AND "users"."id" = ?[0m  [["user_id", 4], ["id", 3]]
  [1m[35mSQL (0.2ms)[0m  [1m[34mSELECT DISTINCT "users"."id" FROM "users" LEFT OUTER JOIN "users" "parents_users" ON "parents_users"."user_id" = "users"."id" WHERE "users"."user_id" = ? LIMIT ?[0m  [["user_id", 4], ["LIMIT", 11]]
  [1m[35mSQL (0.1ms)[0m  [1m[34mSELECT "users"."id" AS t0_r0, "users"."name" AS t0_r1, "users"."email" AS t0_r2, "users"."user_id" AS t0_r3, "users"."created_at" AS t0_r4, "users"."updated_at" AS t0_r5, "parents_users"."id" AS t1_r0, "parents_users"."name" AS t1_r1, "parents_users"."email" AS t1_r2, "parents_users"."user_id" AS t1_r3, "parents_users"."created_at" AS t1_r4, "parents_users"."updated_at" AS t1_r5 FROM "users" LEFT OUTER JOIN "users" "parents_users" ON "parents_users"."user_id" = "users"."id" WHERE "users"."user_id" = ? AND "users"."id" = ?[0m  [["user_id", 4], ["id", 3]]
  [1m[35mSQL (0.6ms)[0m  [1m[34mSELECT DISTINCT "users"."id" FROM "users" LEFT OUTER JOIN "users" "parents_users" ON "parents_users"."user_id" = "users"."id" WHERE "users"."user_id" = ? LIMIT ?[0m  [["user_id", 4], ["LIMIT", 11]]
  [1m[35mSQL (0.3ms)[0m  [1m[34mSELECT "users"."id" AS t0_r0, "users"."name" AS t0_r1, "users"."email" AS t0_r2, "users"."user_id" AS t0_r3, "users"."created_at" AS t0_r4, "users"."updated_at" AS t0_r5, "parents_users"."id" AS t1_r0, "parents_users"."name" AS t1_r1, "parents_users"."email" AS t1_r2, "parents_users"."user_id" AS t1_r3, "parents_users"."created_at" AS t1_r4, "parents_users"."updated_at" AS t1_r5 FROM "users" LEFT OUTER JOIN "users" "parents_users" ON "parents_users"."user_id" = "users"."id" WHERE "users"."user_id" = ? AND "users"."id" = ?[0m  [["user_id", 4], ["id", 3]]
  [1m[35m (0.7ms)[0m  [1m[34mSELECT COUNT(DISTINCT "users"."id") FROM "users" LEFT OUTER JOIN "users" "parents_users" ON "parents_users"."user_id" = "users"."id" WHERE "users"."user_id" = ?[0m  [["user_id", 4]]
